"../../../Engine/Content/Functions/Engine_MaterialFunctions01/Shading/PowerToRoughness.uasset" 0
"../../../Engine/Content/Functions/Engine_MaterialFunctions01/Shading/PowerToRoughness.uexp" 1
"../../../Engine/Content/Functions/Engine_MaterialFunctions01/Shading/ConvertFromDiffSpec.uasset" 2
"../../../Engine/Content/Functions/Engine_MaterialFunctions01/Shading/ConvertFromDiffSpec.uexp" 3
"../../../Engine/Content/EngineSounds/Master.uasset" 4
"../../../Engine/Content/EngineSounds/Master.uexp" 5
"../../../Engine/Content/EngineSky/VolumetricClouds/CloudWeatherTexture.uasset" 6
"../../../Engine/Content/EngineSky/VolumetricClouds/CloudWeatherTexture.uexp" 7
"../../../Engine/Content/Functions/Engine_MaterialFunctions02/Utility/MakeFloat2.uasset" 8
"../../../Engine/Content/Functions/Engine_MaterialFunctions02/Utility/MakeFloat2.uexp" 9
"../../../Engine/Content/EngineSky/VolumetricClouds/CloudGradientTexture.uasset" 10
"../../../Engine/Content/EngineSky/VolumetricClouds/CloudGradientTexture.uexp" 11
"../../../Engine/Content/EngineSky/VolumetricClouds/T_NoiseShape64.ubulk" 12
"../../../Engine/Content/EngineSky/VolumetricClouds/T_NoiseShape64.uasset" 13
"../../../Engine/Content/EngineSky/VolumetricClouds/T_NoiseShape64.uexp" 14
"../../../Engine/Content/EngineSky/VolumetricClouds/T_VolumeNoiseShape64.uasset" 15
"../../../Engine/Content/EngineSky/VolumetricClouds/T_VolumeNoiseShape64.uexp" 16
"../../../Engine/Content/EngineSky/VolumetricClouds/T_NoiseErosion.ubulk" 17
"../../../Engine/Content/EngineSky/VolumetricClouds/T_NoiseErosion.uasset" 18
"../../../Engine/Content/EngineSky/VolumetricClouds/T_NoiseErosion.uexp" 19
"../../../Engine/Content/EngineSky/VolumetricClouds/T_VolumeNoiseErosion32.uasset" 20
"../../../Engine/Content/EngineSky/VolumetricClouds/T_VolumeNoiseErosion32.uexp" 21
"../../../Engine/Content/EngineSky/VolumetricClouds/m_SimpleVolumetricCloud.uasset" 22
"../../../Engine/Content/EngineSky/VolumetricClouds/m_SimpleVolumetricCloud.uexp" 23
"../../../Engine/Content/EngineSky/VolumetricClouds/m_SimpleVolumetricCloud_Inst.uasset" 24
"../../../Engine/Content/EngineSky/VolumetricClouds/m_SimpleVolumetricCloud_Inst.uexp" 25
"../../../Engine/Content/EngineResources/GradientTexture0.uasset" 26
"../../../Engine/Content/EngineResources/GradientTexture0.uexp" 27
"../../../Engine/Content/EngineResources/DefaultVolumeTexture2D.uasset" 28
"../../../Engine/Content/EngineResources/DefaultVolumeTexture2D.uexp" 29
"../../../Engine/Content/EngineResources/DefaultVolumeTexture.uasset" 30
"../../../Engine/Content/EngineResources/DefaultVolumeTexture.uexp" 31
"../../../Engine/Content/EngineResources/DefaultTextureCube.uasset" 32
"../../../Engine/Content/EngineResources/DefaultTextureCube.uexp" 33
"../../../Engine/Content/EngineResources/DefaultTexture.ubulk" 34
"../../../Engine/Content/EngineResources/DefaultTexture.uasset" 35
"../../../Engine/Content/EngineResources/DefaultTexture.uexp" 36
"../../../Engine/Content/EngineResources/Black.uasset" 37
"../../../Engine/Content/EngineResources/Black.uexp" 38
"../../../Engine/Content/EngineResources/FilmGrains/Marcie_Grain_v3_128_M2_000.uasset" 39
"../../../Engine/Content/EngineResources/FilmGrains/Marcie_Grain_v3_128_M2_000.uexp" 40
"../../../Engine/Content/EngineMeshes/Sphere.ubulk" 41
"../../../Engine/Content/EngineMeshes/Sphere.uasset" 42
"../../../Engine/Content/EngineMeshes/Sphere.uexp" 43
"../../../Engine/Content/EngineResources/WhiteSquareTexture.uasset" 44
"../../../Engine/Content/EngineResources/WhiteSquareTexture.uexp" 45
"../../../Engine/Content/EngineMaterials/Widget3DPassThrough.uasset" 46
"../../../Engine/Content/EngineMaterials/Widget3DPassThrough.uexp" 47
"../../../Engine/Content/EngineMaterials/Widget3DPassThrough_Translucent.uasset" 48
"../../../Engine/Content/EngineMaterials/Widget3DPassThrough_Translucent.uexp" 49
"../../../Engine/Content/EngineMaterials/Widget3DPassThrough_Translucent_OneSided.uasset" 50
"../../../Engine/Content/EngineMaterials/Widget3DPassThrough_Translucent_OneSided.uexp" 51
"../../../Engine/Content/EngineMaterials/Widget3DPassThrough_Opaque.uasset" 52
"../../../Engine/Content/EngineMaterials/Widget3DPassThrough_Opaque.uexp" 53
"../../../Engine/Content/EngineMaterials/Widget3DPassThrough_Opaque_OneSided.uasset" 54
"../../../Engine/Content/EngineMaterials/Widget3DPassThrough_Opaque_OneSided.uexp" 55
"../../../Engine/Content/EngineMaterials/Widget3DPassThrough_Masked_OneSided.uasset" 56
"../../../Engine/Content/EngineMaterials/Widget3DPassThrough_Masked_OneSided.uexp" 57
"../../../Engine/Content/EngineMaterials/Widget3DPassThrough_Masked.uasset" 58
"../../../Engine/Content/EngineMaterials/Widget3DPassThrough_Masked.uexp" 59
"../../../Engine/Content/EngineMaterials/WeightMapPlaceholderTexture.uasset" 60
"../../../Engine/Content/EngineMaterials/WeightMapPlaceholderTexture.uexp" 61
"../../../Engine/Content/EngineMaterials/RemoveSurfaceMaterial.uasset" 62
"../../../Engine/Content/EngineMaterials/RemoveSurfaceMaterial.uexp" 63
"../../../Engine/Content/EngineMaterials/PreintegratedSkinBRDF.uasset" 64
"../../../Engine/Content/EngineMaterials/PreintegratedSkinBRDF.uexp" 65
"../../../Engine/Content/EngineMaterials/DefaultCalibrationGrayscale.uasset" 66
"../../../Engine/Content/EngineMaterials/DefaultCalibrationGrayscale.uexp" 67
"../../../Engine/Content/EngineMaterials/PPM_DefaultCalibrationGrayscale.uasset" 68
"../../../Engine/Content/EngineMaterials/PPM_DefaultCalibrationGrayscale.uexp" 69
"../../../Engine/Content/EngineMaterials/DefaultCalibrationColor.uasset" 70
"../../../Engine/Content/EngineMaterials/DefaultCalibrationColor.uexp" 71
"../../../Engine/Content/EngineMaterials/PPM_DefaultCalibrationColor.uasset" 72
"../../../Engine/Content/EngineMaterials/PPM_DefaultCalibrationColor.uexp" 73
"../../../Engine/Content/Functions/Engine_MaterialFunctions02/WorldPositionOffset/CameraOffset.uasset" 74
"../../../Engine/Content/Functions/Engine_MaterialFunctions02/WorldPositionOffset/CameraOffset.uexp" 75
"../../../Engine/Content/EngineMaterials/PhAT_JointLimitMaterial.uasset" 76
"../../../Engine/Content/EngineMaterials/PhAT_JointLimitMaterial.uexp" 77
"../../../Engine/Content/EngineMaterials/InvalidLightmapSettings.ubulk" 78
"../../../Engine/Content/EngineMaterials/InvalidLightmapSettings.uasset" 79
"../../../Engine/Content/EngineMaterials/InvalidLightmapSettings.uexp" 80
"../../../Engine/Content/EngineMaterials/M_InvalidLightmapSettings.uasset" 81
"../../../Engine/Content/EngineMaterials/M_InvalidLightmapSettings.uexp" 82
"../../../Engine/Content/EngineMaterials/MiniFont.uasset" 83
"../../../Engine/Content/EngineMaterials/MiniFont.uexp" 84
"../../../Engine/Content/EngineMaterials/Good64x64TilingNoiseHighFreq.uasset" 85
"../../../Engine/Content/EngineMaterials/Good64x64TilingNoiseHighFreq.uexp" 86
"../../../Engine/Content/EngineMaterials/GizmoMaterial.uasset" 87
"../../../Engine/Content/EngineMaterials/GizmoMaterial.uexp" 88
"../../../Engine/Content/EngineMaterials/BaseFlattenEmissiveMap_VT.uasset" 89
"../../../Engine/Content/EngineMaterials/BaseFlattenEmissiveMap_VT.uexp" 90
"../../../Engine/Content/EngineMaterials/BaseFlattenGrayscaleMap_VT.uasset" 91
"../../../Engine/Content/EngineMaterials/BaseFlattenGrayscaleMap_VT.uexp" 92
"../../../Engine/Content/EngineMaterials/BaseFlattenLinearColor_VT.uasset" 93
"../../../Engine/Content/EngineMaterials/BaseFlattenLinearColor_VT.uexp" 94
"../../../Engine/Content/EngineMaterials/Black_1x1_EXR_Texture_VT.uasset" 95
"../../../Engine/Content/EngineMaterials/Black_1x1_EXR_Texture_VT.uexp" 96
"../../../Engine/Content/EngineMaterials/BaseFlattenDiffuseMap_VT.uasset" 97
"../../../Engine/Content/EngineMaterials/BaseFlattenDiffuseMap_VT.uexp" 98
"../../../Engine/Content/EngineMaterials/BaseFlattenNormalMap_VT.uasset" 99
"../../../Engine/Content/EngineMaterials/BaseFlattenNormalMap_VT.uexp" 100
"../../../Engine/Content/EngineMaterials/FlattenMaterial_WS_Normal_VT.uasset" 101
"../../../Engine/Content/EngineMaterials/FlattenMaterial_WS_Normal_VT.uexp" 102
"../../../Engine/Content/EngineMaterials/FlattenMaterial_VT.uasset" 103
"../../../Engine/Content/EngineMaterials/FlattenMaterial_VT.uexp" 104
"../../../Engine/Content/EngineMaterials/BaseFlattenNormalMap.uasset" 105
"../../../Engine/Content/EngineMaterials/BaseFlattenNormalMap.uexp" 106
"../../../Engine/Content/EngineMaterials/BaseFlattenGrayscaleMap.uasset" 107
"../../../Engine/Content/EngineMaterials/BaseFlattenGrayscaleMap.uexp" 108
"../../../Engine/Content/EngineMaterials/BaseFlattenDiffuseMap.uasset" 109
"../../../Engine/Content/EngineMaterials/BaseFlattenDiffuseMap.uexp" 110
"../../../Engine/Content/Functions/Engine_MaterialFunctions02/PivotPainter2/Black_1x1_EXR_Texture.uasset" 111
"../../../Engine/Content/Functions/Engine_MaterialFunctions02/PivotPainter2/Black_1x1_EXR_Texture.uexp" 112
"../../../Engine/Content/EngineMaterials/BaseFlattenEmissiveMap.uasset" 113
"../../../Engine/Content/EngineMaterials/BaseFlattenEmissiveMap.uexp" 114
"../../../Engine/Content/EngineMaterials/BaseFlattenLinearColor.uasset" 115
"../../../Engine/Content/EngineMaterials/BaseFlattenLinearColor.uexp" 116
"../../../Engine/Content/EngineMaterials/FlattenMaterial.uasset" 117
"../../../Engine/Content/EngineMaterials/FlattenMaterial.uexp" 118
"../../../Engine/Content/EngineMaterials/DefaultWhiteGrid_Low.uasset" 119
"../../../Engine/Content/EngineMaterials/DefaultWhiteGrid_Low.uexp" 120
"../../../Engine/Content/EngineMaterials/EmissiveMeshMaterial.uasset" 121
"../../../Engine/Content/EngineMaterials/EmissiveMeshMaterial.uexp" 122
"../../../Engine/Content/EngineMaterials/DefaultWhiteGrid.ubulk" 123
"../../../Engine/Content/EngineMaterials/DefaultWhiteGrid.uasset" 124
"../../../Engine/Content/EngineMaterials/DefaultWhiteGrid.uexp" 125
"../../../Engine/Content/EngineFonts/RobotoDistanceField.uasset" 126
"../../../Engine/Content/EngineFonts/RobotoDistanceField.uexp" 127
"../../../Engine/Content/EngineMaterials/DefaultTextMaterialOpaque.uasset" 128
"../../../Engine/Content/EngineMaterials/DefaultTextMaterialOpaque.uexp" 129
"../../../Engine/Content/EngineMaterials/DefaultDiffuse.ubulk" 130
"../../../Engine/Content/EngineMaterials/DefaultDiffuse.uasset" 131
"../../../Engine/Content/EngineMaterials/DefaultDiffuse.uexp" 132
"../../../Engine/Content/Functions/Engine_MaterialFunctions02/Utility/BreakOutFloat2Components.uasset" 133
"../../../Engine/Content/Functions/Engine_MaterialFunctions02/Utility/BreakOutFloat2Components.uexp" 134
"../../../Engine/Content/EngineMaterials/DefaultPostProcessMaterial.uasset" 135
"../../../Engine/Content/EngineMaterials/DefaultPostProcessMaterial.uexp" 136
"../../../Engine/Content/EngineMaterials/DefaultPhysicalMaterial.uasset" 137
"../../../Engine/Content/EngineMaterials/DefaultPhysicalMaterial.uexp" 138
"../../../Engine/Content/EngineMaterials/DefaultLightFunctionMaterial.uasset" 139
"../../../Engine/Content/EngineMaterials/DefaultLightFunctionMaterial.uexp" 140
"../../../Engine/Content/EngineMaterials/DefaultDestructiblePhysicalMaterial.uasset" 141
"../../../Engine/Content/EngineMaterials/DefaultDestructiblePhysicalMaterial.uexp" 142
"../../../Engine/Content/EngineMaterials/DefaultDeferredDecalMaterial.uasset" 143
"../../../Engine/Content/EngineMaterials/DefaultDeferredDecalMaterial.uexp" 144
"../../../Engine/Content/EngineMaterials/DefaultBokeh.uasset" 145
"../../../Engine/Content/EngineMaterials/DefaultBokeh.uexp" 146
"../../../Engine/Content/EngineMaterials/DefaultBloomKernel.uasset" 147
"../../../Engine/Content/EngineMaterials/DefaultBloomKernel.uexp" 148
"../../../Engine/Content/EngineMaterials/BlueNoise.uasset" 149
"../../../Engine/Content/EngineMaterials/BlueNoise.uexp" 150
"../../../Engine/Content/EngineFonts/Faces/RobotoLight.uexp" 151
"../../../Engine/Content/EngineFonts/Faces/RobotoLight.uasset" 152
"../../../Engine/Content/EngineFonts/Faces/RobotoLight.ufont" 153
"../../../Engine/Content/EngineFonts/Faces/RobotoBold.uexp" 154
"../../../Engine/Content/EngineFonts/Faces/RobotoBold.uasset" 155
"../../../Engine/Content/EngineFonts/Faces/RobotoBold.ufont" 156
"../../../Engine/Content/EngineFonts/Faces/RobotoRegular.uexp" 157
"../../../Engine/Content/EngineFonts/Faces/RobotoRegular.uasset" 158
"../../../Engine/Content/EngineFonts/Faces/RobotoRegular.ufont" 159
"../../../Engine/Content/EngineFonts/Faces/DroidSansFallback.uexp" 160
"../../../Engine/Content/EngineFonts/Faces/DroidSansFallback.uasset" 161
"../../../Engine/Content/EngineFonts/Faces/DroidSansFallback.ufont" 162
"../../../Engine/Content/EngineFonts/Faces/RobotoItalic.uexp" 163
"../../../Engine/Content/EngineFonts/Faces/RobotoItalic.uasset" 164
"../../../Engine/Content/EngineFonts/Faces/RobotoItalic.ufont" 165
"../../../Engine/Content/EngineFonts/Faces/RobotoBoldItalic.uexp" 166
"../../../Engine/Content/EngineFonts/Faces/RobotoBoldItalic.uasset" 167
"../../../Engine/Content/EngineFonts/Faces/RobotoBoldItalic.ufont" 168
"../../../Engine/Content/EngineFonts/Roboto.uasset" 169
"../../../Engine/Content/EngineFonts/Roboto.uexp" 170
"../../../Engine/Content/Functions/Engine_MaterialFunctions02/Utility/CameraDirectionVector.uasset" 171
"../../../Engine/Content/Functions/Engine_MaterialFunctions02/Utility/CameraDirectionVector.uexp" 172
"../../../Engine/Content/EngineDebugMaterials/VolumeToRender.uasset" 173
"../../../Engine/Content/EngineDebugMaterials/VolumeToRender.uexp" 174
"../../../Engine/Content/EngineDebugMaterials/M_VolumeRenderSphereTracePP.uasset" 175
"../../../Engine/Content/EngineDebugMaterials/M_VolumeRenderSphereTracePP.uexp" 176
"../../../Engine/Content/EngineDebugMaterials/M_SimpleUnlitTranslucent.uasset" 177
"../../../Engine/Content/EngineDebugMaterials/M_SimpleUnlitTranslucent.uexp" 178
"../../../Engine/Content/EngineDebugMaterials/DebugMeshMaterial.uasset" 179
"../../../Engine/Content/EngineDebugMaterials/DebugMeshMaterial.uexp" 180
"../../../Engine/Content/EngineDebugMaterials/DebugEditorMaterial.uasset" 181
"../../../Engine/Content/EngineDebugMaterials/DebugEditorMaterial.uexp" 182
"../../../Engine/Content/EngineDamageTypes/DmgTypeBP_Environmental.uasset" 183
"../../../Engine/Content/EngineDamageTypes/DmgTypeBP_Environmental.uexp" 184
"../../../Engine/Content/EditorResources/S_TriggerSphere.uasset" 185
"../../../Engine/Content/EditorResources/S_TriggerSphere.uexp" 186
"../../../Engine/Content/EditorResources/S_TriggerCapsule.uasset" 187
"../../../Engine/Content/EditorResources/S_TriggerCapsule.uexp" 188
"../../../Engine/Content/EditorResources/S_TriggerBox.uasset" 189
"../../../Engine/Content/EditorResources/S_TriggerBox.uexp" 190
"../../../Engine/Content/EditorResources/S_Trigger.ubulk" 191
"../../../Engine/Content/EditorResources/S_Trigger.uasset" 192
"../../../Engine/Content/EditorResources/S_Trigger.uexp" 193
"../../../Engine/Content/EditorResources/S_Terrain.ubulk" 194
"../../../Engine/Content/EditorResources/S_Terrain.uasset" 195
"../../../Engine/Content/EditorResources/S_Terrain.uexp" 196
"../../../Engine/Content/EditorResources/S_Solver.ubulk" 197
"../../../Engine/Content/EditorResources/S_Solver.uasset" 198
"../../../Engine/Content/EditorResources/S_Solver.uexp" 199
"../../../Engine/Content/EditorResources/S_BoxReflectionCapture.uasset" 200
"../../../Engine/Content/EditorResources/S_BoxReflectionCapture.uexp" 201
"../../../Engine/Content/EditorResources/S_Actor.ubulk" 202
"../../../Engine/Content/EditorResources/S_Actor.uasset" 203
"../../../Engine/Content/EditorResources/S_Actor.uexp" 204
"../../../Engine/Content/EditorResources/EmptyActor.uasset" 205
"../../../Engine/Content/EditorResources/EmptyActor.uexp" 206
"../../../Engine/Content/EditorResources/BSPVertex.uasset" 207
"../../../Engine/Content/EditorResources/BSPVertex.uexp" 208
"../../../Engine/Content/EditorResources/SequenceRecorder/RecordingIndicator.uasset" 209
"../../../Engine/Content/EditorResources/SequenceRecorder/RecordingIndicator.uexp" 210
"../../../Engine/Content/EditorResources/SequenceRecorder/Countdown.uasset" 211
"../../../Engine/Content/EditorResources/SequenceRecorder/Countdown.uexp" 212
"../../../Engine/Content/EditorResources/LightIcons/S_LightError.uasset" 213
"../../../Engine/Content/EditorResources/LightIcons/S_LightError.uexp" 214
"../../../Engine/Content/EditorMaterials/Camera/CineMat.uasset" 215
"../../../Engine/Content/EditorMaterials/Camera/CineMat.uexp" 216
"../../../Engine/Content/EditorMaterials/Camera/MI_CineMat_Rig.uasset" 217
"../../../Engine/Content/EditorMaterials/Camera/MI_CineMat_Rig.uexp" 218
"../../../Engine/Content/EditorMeshes/Camera/SM_RailRig_Track.ubulk" 219
"../../../Engine/Content/EditorMeshes/Camera/SM_RailRig_Track.uasset" 220
"../../../Engine/Content/EditorMeshes/Camera/SM_RailRig_Track.uexp" 221
"../../../Engine/Content/EditorMeshes/Camera/SM_RailRig_Mount.ubulk" 222
"../../../Engine/Content/EditorMeshes/Camera/SM_RailRig_Mount.uasset" 223
"../../../Engine/Content/EditorMeshes/Camera/SM_RailRig_Mount.uexp" 224
"../../../Engine/Content/EditorMeshes/Camera/SM_CraneRig_Mount.ubulk" 225
"../../../Engine/Content/EditorMeshes/Camera/SM_CraneRig_Mount.uasset" 226
"../../../Engine/Content/EditorMeshes/Camera/SM_CraneRig_Mount.uexp" 227
"../../../Engine/Content/EditorMeshes/Camera/SM_CraneRig_Body.ubulk" 228
"../../../Engine/Content/EditorMeshes/Camera/SM_CraneRig_Body.uasset" 229
"../../../Engine/Content/EditorMeshes/Camera/SM_CraneRig_Body.uexp" 230
"../../../Engine/Content/EditorMeshes/Camera/SM_CraneRig_Base.ubulk" 231
"../../../Engine/Content/EditorMeshes/Camera/SM_CraneRig_Base.uasset" 232
"../../../Engine/Content/EditorMeshes/Camera/SM_CraneRig_Base.uexp" 233
"../../../Engine/Content/EditorMeshes/Camera/SM_CraneRig_Arm.ubulk" 234
"../../../Engine/Content/EditorMeshes/Camera/SM_CraneRig_Arm.uasset" 235
"../../../Engine/Content/EditorMeshes/Camera/SM_CraneRig_Arm.uexp" 236
"../../../Engine/Content/EditorMaterials/PreviewShadowIndicator.ubulk" 237
"../../../Engine/Content/EditorMaterials/PreviewShadowIndicator.uasset" 238
"../../../Engine/Content/EditorMaterials/PreviewShadowIndicator.uexp" 239
"../../../Engine/Content/EditorMaterials/PreviewShadowIndicatorMaterial.uasset" 240
"../../../Engine/Content/EditorMaterials/PreviewShadowIndicatorMaterial.uexp" 241
"../../../Engine/Content/EditorMaterials/MAT_Groups_Visibility.uasset" 242
"../../../Engine/Content/EditorMaterials/MAT_Groups_Visibility.uexp" 243
"../../../Engine/Content/EditorMaterials/MAT_Groups_Toggle.uasset" 244
"../../../Engine/Content/EditorMaterials/MAT_Groups_Toggle.uexp" 245
"../../../Engine/Content/Functions/Engine_MaterialFunctions02/Utility/MakeFloat4.uasset" 246
"../../../Engine/Content/Functions/Engine_MaterialFunctions02/Utility/MakeFloat4.uexp" 247
"../../../Engine/Content/Functions/Engine_MaterialFunctions02/Utility/MakeFloat3.uasset" 248
"../../../Engine/Content/Functions/Engine_MaterialFunctions02/Utility/MakeFloat3.uexp" 249
"../../../Engine/Content/Functions/Engine_MaterialFunctions02/Utility/BreakOutFloat3Components.uasset" 250
"../../../Engine/Content/Functions/Engine_MaterialFunctions02/Utility/BreakOutFloat3Components.uexp" 251
"../../../Engine/Content/EditorMaterials/WorldPartition/WorldPartitionSpatialHashGridPreviewMaterial.uasset" 252
"../../../Engine/Content/EditorMaterials/WorldPartition/WorldPartitionSpatialHashGridPreviewMaterial.uexp" 253
"../../../Engine/Content/EditorMaterials/ParticleSystems/PSysThumbnail_OOD.ubulk" 254
"../../../Engine/Content/EditorMaterials/ParticleSystems/PSysThumbnail_OOD.uasset" 255
"../../../Engine/Content/EditorMaterials/ParticleSystems/PSysThumbnail_OOD.uexp" 256
"../../../Engine/Content/EditorMaterials/ParticleSystems/PSysThumbnail_NoImage.ubulk" 257
"../../../Engine/Content/EditorMaterials/ParticleSystems/PSysThumbnail_NoImage.uasset" 258
"../../../Engine/Content/EditorMaterials/ParticleSystems/PSysThumbnail_NoImage.uexp" 259
"../../../Engine/Content/EditorMaterials/MatineeGroups/MAT_Groups_Vector.uasset" 260
"../../../Engine/Content/EditorMaterials/MatineeGroups/MAT_Groups_Vector.uexp" 261
"../../../Engine/Content/EditorMaterials/MatineeGroups/MAT_Groups_Sound.uasset" 262
"../../../Engine/Content/EditorMaterials/MatineeGroups/MAT_Groups_Sound.uexp" 263
"../../../Engine/Content/EditorMaterials/MatineeGroups/MAT_Groups_Slomo.uasset" 264
"../../../Engine/Content/EditorMaterials/MatineeGroups/MAT_Groups_Slomo.uexp" 265
"../../../Engine/Content/EditorMaterials/MatineeGroups/MAT_Groups_Move.uasset" 266
"../../../Engine/Content/EditorMaterials/MatineeGroups/MAT_Groups_Move.uexp" 267
"../../../Engine/Content/EditorMaterials/MatineeGroups/MAT_Groups_Float.uasset" 268
"../../../Engine/Content/EditorMaterials/MatineeGroups/MAT_Groups_Float.uexp" 269
"../../../Engine/Content/EditorMaterials/MatineeGroups/MAT_Groups_Fade.uasset" 270
"../../../Engine/Content/EditorMaterials/MatineeGroups/MAT_Groups_Fade.uexp" 271
"../../../Engine/Content/EditorMaterials/MatineeGroups/MAT_Groups_Event.uasset" 272
"../../../Engine/Content/EditorMaterials/MatineeGroups/MAT_Groups_Event.uexp" 273
"../../../Engine/Content/EditorMaterials/MatineeGroups/MAT_Groups_Director.uasset" 274
"../../../Engine/Content/EditorMaterials/MatineeGroups/MAT_Groups_Director.uexp" 275
"../../../Engine/Content/EditorMaterials/MatineeGroups/MAT_Groups_AudioMaster.uasset" 276
"../../../Engine/Content/EditorMaterials/MatineeGroups/MAT_Groups_AudioMaster.uexp" 277
"../../../Engine/Content/EditorMaterials/MatineeGroups/MAT_Groups_Anim.uasset" 278
"../../../Engine/Content/EditorMaterials/MatineeGroups/MAT_Groups_Anim.uexp" 279
"../../../Engine/Content/EditorMaterials/MatineeGroups/MAT_ColorTrack.uasset" 280
"../../../Engine/Content/EditorMaterials/MatineeGroups/MAT_ColorTrack.uexp" 281
"../../../Engine/Content/EditorLandscapeResources/DefaultAlphaTexture.uasset" 282
"../../../Engine/Content/EditorLandscapeResources/DefaultAlphaTexture.uexp" 283
"../../../Engine/Content/EditorLandscapeResources/DataLayer.uasset" 284
"../../../Engine/Content/EditorLandscapeResources/DataLayer.uexp" 285
"../../../Engine/Content/EngineMaterials/T_Default_Material_Grid_M.ubulk" 286
"../../../Engine/Content/EngineMaterials/T_Default_Material_Grid_M.uasset" 287
"../../../Engine/Content/EngineMaterials/T_Default_Material_Grid_M.uexp" 288
"../../../Engine/Content/EngineMaterials/T_Default_Material_Grid_N.ubulk" 289
"../../../Engine/Content/EngineMaterials/T_Default_Material_Grid_N.uasset" 290
"../../../Engine/Content/EngineMaterials/T_Default_Material_Grid_N.uexp" 291
"../../../Engine/Content/Functions/Engine_MaterialFunctions01/Opacity/CameraDepthFade.uasset" 292
"../../../Engine/Content/Functions/Engine_MaterialFunctions01/Opacity/CameraDepthFade.uexp" 293
"../../../Engine/Content/EngineMaterials/WorldGridMaterial.uasset" 294
"../../../Engine/Content/EngineMaterials/WorldGridMaterial.uexp" 295
"../../../Engine/Content/BasicShapes/Plane.ubulk" 296
"../../../Engine/Content/BasicShapes/Plane.uasset" 297
"../../../Engine/Content/BasicShapes/Plane.uexp" 298
"../../../Engine/Content/EngineMaterials/DefaultMaterial.uasset" 299
"../../../Engine/Content/EngineMaterials/DefaultMaterial.uexp" 300
"../../../Engine/Content/BasicShapes/Cone.ubulk" 301
"../../../Engine/Content/BasicShapes/Cone.uasset" 302
"../../../Engine/Content/BasicShapes/Cone.uexp" 303
"../../../Engine/Content/ArtTools/RenderToTexture/Meshes/S_1_Unit_Plane.ubulk" 304
"../../../Engine/Content/ArtTools/RenderToTexture/Meshes/S_1_Unit_Plane.uasset" 305
"../../../Engine/Content/ArtTools/RenderToTexture/Meshes/S_1_Unit_Plane.uexp" 306
"../../../Engine/Content/MobileResources/HUD/VirtualJoystick_Background.uasset" 307
"../../../Engine/Content/MobileResources/HUD/VirtualJoystick_Background.uexp" 308
"../../../Engine/Content/MobileResources/HUD/VirtualJoystick_Thumb.uasset" 309
"../../../Engine/Content/MobileResources/HUD/VirtualJoystick_Thumb.uexp" 310
"../../../Engine/Content/MobileResources/HUD/DefaultVirtualJoysticks.uasset" 311
"../../../Engine/Content/MobileResources/HUD/DefaultVirtualJoysticks.uexp" 312
"../../../Engine/Content/Tutorial/ContentIntroCurve.uasset" 313
"../../../Engine/Content/Tutorial/ContentIntroCurve.uexp" 314
"../../../Engine/Content/VREditor/TransformGizmo/Main.uasset" 315
"../../../Engine/Content/VREditor/TransformGizmo/Main.uexp" 316
"../../../Engine/Content/VREditor/TransformGizmo/Xray.uasset" 317
"../../../Engine/Content/VREditor/TransformGizmo/Xray.uexp" 318
"../../../Engine/Content/VREditor/TransformGizmo/SM_Sequencer_Node.ubulk" 319
"../../../Engine/Content/VREditor/TransformGizmo/SM_Sequencer_Node.uasset" 320
"../../../Engine/Content/VREditor/TransformGizmo/SM_Sequencer_Node.uexp" 321
"../../../Engine/Content/VREditor/LaserPointer/VR_LaserPower_01.ubulk" 322
"../../../Engine/Content/VREditor/LaserPointer/VR_LaserPower_01.uasset" 323
"../../../Engine/Content/VREditor/LaserPointer/VR_LaserPower_01.uexp" 324
"../../../Engine/Content/VREditor/TransformGizmo/TransformGizmoMaterial.uasset" 325
"../../../Engine/Content/VREditor/TransformGizmo/TransformGizmoMaterial.uexp" 326
"../../../Engine/Content/VREditor/TransformGizmo/TranslucentTransformGizmoMaterial.uasset" 327
"../../../Engine/Content/VREditor/TransformGizmo/TranslucentTransformGizmoMaterial.uexp" 328
"../../../Engine/Content/VREditor/TransformGizmo/PlaneTranslationHandle.ubulk" 329
"../../../Engine/Content/VREditor/TransformGizmo/PlaneTranslationHandle.uasset" 330
"../../../Engine/Content/VREditor/TransformGizmo/PlaneTranslationHandle.uexp" 331
"../../../Engine/Content/VREditor/TransformGizmo/BoundingBoxEdge.ubulk" 332
"../../../Engine/Content/VREditor/TransformGizmo/BoundingBoxEdge.uasset" 333
"../../../Engine/Content/VREditor/TransformGizmo/BoundingBoxEdge.uexp" 334
"../../../Engine/Content/VREditor/TransformGizmo/BoundingBoxCorner.ubulk" 335
"../../../Engine/Content/VREditor/TransformGizmo/BoundingBoxCorner.uasset" 336
"../../../Engine/Content/VREditor/TransformGizmo/BoundingBoxCorner.uexp" 337
"../../../Engine/Plugins/2D/Paper2D/Content/PlaceholderTextures/DummySpriteTexture.ubulk" 338
"../../../Engine/Plugins/2D/Paper2D/Content/PlaceholderTextures/DummySpriteTexture.uasset" 339
"../../../Engine/Plugins/2D/Paper2D/Content/PlaceholderTextures/DummySpriteTexture.uexp" 340
"../../../Engine/Plugins/2D/Paper2D/Content/DefaultSpriteMaterial.uasset" 341
"../../../Engine/Plugins/2D/Paper2D/Content/DefaultSpriteMaterial.uexp" 342
"../../../Engine/Plugins/2D/Paper2D/Content/OpaqueUnlitSpriteMaterial.uasset" 343
"../../../Engine/Plugins/2D/Paper2D/Content/OpaqueUnlitSpriteMaterial.uexp" 344
"../../../Engine/Plugins/2D/Paper2D/Content/MaskedUnlitSpriteMaterial.uasset" 345
"../../../Engine/Plugins/2D/Paper2D/Content/MaskedUnlitSpriteMaterial.uexp" 346
"../../../Engine/Plugins/2D/Paper2D/Content/DummySprite.uasset" 347
"../../../Engine/Plugins/2D/Paper2D/Content/DummySprite.uexp" 348
"../../../Engine/Plugins/2D/Paper2D/Content/DefaultPaperTerrainMaterial.uasset" 349
"../../../Engine/Plugins/2D/Paper2D/Content/DefaultPaperTerrainMaterial.uexp" 350
"../../../Engine/Plugins/Animation/ControlRig/Content/M_Manip.uasset" 351
"../../../Engine/Plugins/Animation/ControlRig/Content/M_Manip.uexp" 352
"../../../Engine/Plugins/Animation/ControlRig/Content/Controls/DefaultGizmoLibraryNormalized.uasset" 353
"../../../Engine/Plugins/Animation/ControlRig/Content/Controls/DefaultGizmoLibraryNormalized.uexp" 354
"../../../Engine/Plugins/Animation/ControlRig/Content/Controls/ControlRig_Wedge_solid.ubulk" 355
"../../../Engine/Plugins/Animation/ControlRig/Content/Controls/ControlRig_Wedge_solid.uasset" 356
"../../../Engine/Plugins/Animation/ControlRig/Content/Controls/ControlRig_Wedge_solid.uexp" 357
"../../../Engine/Plugins/Animation/ControlRig/Content/Controls/ControlRig_Wedge_3mm.ubulk" 358
"../../../Engine/Plugins/Animation/ControlRig/Content/Controls/ControlRig_Wedge_3mm.uasset" 359
"../../../Engine/Plugins/Animation/ControlRig/Content/Controls/ControlRig_Wedge_3mm.uexp" 360
"../../../Engine/Plugins/Animation/ControlRig/Content/Controls/ControlRig_Wedge_1mm.ubulk" 361
"../../../Engine/Plugins/Animation/ControlRig/Content/Controls/ControlRig_Wedge_1mm.uasset" 362
"../../../Engine/Plugins/Animation/ControlRig/Content/Controls/ControlRig_Wedge_1mm.uexp" 363
"../../../Engine/Plugins/Animation/ControlRig/Content/Controls/ControlRig_Triangle_solid.ubulk" 364
"../../../Engine/Plugins/Animation/ControlRig/Content/Controls/ControlRig_Triangle_solid.uasset" 365
"../../../Engine/Plugins/Animation/ControlRig/Content/Controls/ControlRig_Triangle_solid.uexp" 366
"../../../Engine/Plugins/Animation/ControlRig/Content/Controls/ControlRig_Triangle_3mm.ubulk" 367
"../../../Engine/Plugins/Animation/ControlRig/Content/Controls/ControlRig_Triangle_3mm.uasset" 368
"../../../Engine/Plugins/Animation/ControlRig/Content/Controls/ControlRig_Triangle_3mm.uexp" 369
"../../../Engine/Plugins/Animation/ControlRig/Content/Controls/ControlRig_Triangle_1mm.ubulk" 370
"../../../Engine/Plugins/Animation/ControlRig/Content/Controls/ControlRig_Triangle_1mm.uasset" 371
"../../../Engine/Plugins/Animation/ControlRig/Content/Controls/ControlRig_Triangle_1mm.uexp" 372
"../../../Engine/Plugins/Animation/ControlRig/Content/Controls/ControlRig_Star4_solid.ubulk" 373
"../../../Engine/Plugins/Animation/ControlRig/Content/Controls/ControlRig_Star4_solid.uasset" 374
"../../../Engine/Plugins/Animation/ControlRig/Content/Controls/ControlRig_Star4_solid.uexp" 375
"../../../Engine/Plugins/Animation/ControlRig/Content/Controls/ControlRig_Star4_3mm.ubulk" 376
"../../../Engine/Plugins/Animation/ControlRig/Content/Controls/ControlRig_Star4_3mm.uasset" 377
"../../../Engine/Plugins/Animation/ControlRig/Content/Controls/ControlRig_Star4_3mm.uexp" 378
"../../../Engine/Plugins/Animation/ControlRig/Content/Controls/ControlRig_Star4_1mm.ubulk" 379
"../../../Engine/Plugins/Animation/ControlRig/Content/Controls/ControlRig_Star4_1mm.uasset" 380
"../../../Engine/Plugins/Animation/ControlRig/Content/Controls/ControlRig_Star4_1mm.uexp" 381
"../../../Engine/Plugins/Animation/ControlRig/Content/Controls/ControlRig_Square_solid.ubulk" 382
"../../../Engine/Plugins/Animation/ControlRig/Content/Controls/ControlRig_Square_solid.uasset" 383
"../../../Engine/Plugins/Animation/ControlRig/Content/Controls/ControlRig_Square_solid.uexp" 384
"../../../Engine/Plugins/Animation/ControlRig/Content/Controls/ControlRig_Square_3mm.ubulk" 385
"../../../Engine/Plugins/Animation/ControlRig/Content/Controls/ControlRig_Square_3mm.uasset" 386
"../../../Engine/Plugins/Animation/ControlRig/Content/Controls/ControlRig_Square_3mm.uexp" 387
"../../../Engine/Plugins/Animation/ControlRig/Content/Controls/ControlRig_Square_1mm.ubulk" 388
"../../../Engine/Plugins/Animation/ControlRig/Content/Controls/ControlRig_Square_1mm.uasset" 389
"../../../Engine/Plugins/Animation/ControlRig/Content/Controls/ControlRig_Square_1mm.uexp" 390
"../../../Engine/Plugins/Animation/ControlRig/Content/Controls/ControlRig_Sphere_solid.ubulk" 391
"../../../Engine/Plugins/Animation/ControlRig/Content/Controls/ControlRig_Sphere_solid.uasset" 392
"../../../Engine/Plugins/Animation/ControlRig/Content/Controls/ControlRig_Sphere_solid.uexp" 393
"../../../Engine/Plugins/Animation/ControlRig/Content/Controls/ControlRig_Sphere_3mm.ubulk" 394
"../../../Engine/Plugins/Animation/ControlRig/Content/Controls/ControlRig_Sphere_3mm.uasset" 395
"../../../Engine/Plugins/Animation/ControlRig/Content/Controls/ControlRig_Sphere_3mm.uexp" 396
"../../../Engine/Plugins/Animation/ControlRig/Content/Controls/ControlRig_Sphere_1mm.ubulk" 397
"../../../Engine/Plugins/Animation/ControlRig/Content/Controls/ControlRig_Sphere_1mm.uasset" 398
"../../../Engine/Plugins/Animation/ControlRig/Content/Controls/ControlRig_Sphere_1mm.uexp" 399
"../../../Engine/Plugins/Animation/ControlRig/Content/Controls/ControlRig_RoundedTriangle_solid.ubulk" 400
"../../../Engine/Plugins/Animation/ControlRig/Content/Controls/ControlRig_RoundedTriangle_solid.uasset" 401
"../../../Engine/Plugins/Animation/ControlRig/Content/Controls/ControlRig_RoundedTriangle_solid.uexp" 402
"../../../Engine/Plugins/Animation/ControlRig/Content/Controls/ControlRig_RoundedTriangle_3mm.ubulk" 403
"../../../Engine/Plugins/Animation/ControlRig/Content/Controls/ControlRig_RoundedTriangle_3mm.uasset" 404
"../../../Engine/Plugins/Animation/ControlRig/Content/Controls/ControlRig_RoundedTriangle_3mm.uexp" 405
"../../../Engine/Plugins/Animation/ControlRig/Content/Controls/ControlRig_RoundedTriangle_1mm.ubulk" 406
"../../../Engine/Plugins/Animation/ControlRig/Content/Controls/ControlRig_RoundedTriangle_1mm.uasset" 407
"../../../Engine/Plugins/Animation/ControlRig/Content/Controls/ControlRig_RoundedTriangle_1mm.uexp" 408
"../../../Engine/Plugins/Animation/ControlRig/Content/Controls/ControlRig_RoundedSquare_solid.ubulk" 409
"../../../Engine/Plugins/Animation/ControlRig/Content/Controls/ControlRig_RoundedSquare_solid.uasset" 410
"../../../Engine/Plugins/Animation/ControlRig/Content/Controls/ControlRig_RoundedSquare_solid.uexp" 411
"../../../Engine/Plugins/Animation/ControlRig/Content/Controls/ControlRig_RoundedSquare_3mm.ubulk" 412
"../../../Engine/Plugins/Animation/ControlRig/Content/Controls/ControlRig_RoundedSquare_3mm.uasset" 413
"../../../Engine/Plugins/Animation/ControlRig/Content/Controls/ControlRig_RoundedSquare_3mm.uexp" 414
"../../../Engine/Plugins/Animation/ControlRig/Content/Controls/ControlRig_RoundedSquare_1mm.ubulk" 415
"../../../Engine/Plugins/Animation/ControlRig/Content/Controls/ControlRig_RoundedSquare_1mm.uasset" 416
"../../../Engine/Plugins/Animation/ControlRig/Content/Controls/ControlRig_RoundedSquare_1mm.uexp" 417
"../../../Engine/Plugins/Animation/ControlRig/Content/Controls/ControlRig_QuarterCircle_solid.ubulk" 418
"../../../Engine/Plugins/Animation/ControlRig/Content/Controls/ControlRig_QuarterCircle_solid.uasset" 419
"../../../Engine/Plugins/Animation/ControlRig/Content/Controls/ControlRig_QuarterCircle_solid.uexp" 420
"../../../Engine/Plugins/Animation/ControlRig/Content/Controls/ControlRig_QuarterCircle_3mm.ubulk" 421
"../../../Engine/Plugins/Animation/ControlRig/Content/Controls/ControlRig_QuarterCircle_3mm.uasset" 422
"../../../Engine/Plugins/Animation/ControlRig/Content/Controls/ControlRig_QuarterCircle_3mm.uexp" 423
"../../../Engine/Plugins/Animation/ControlRig/Content/Controls/ControlRig_QuarterCircle_1mm.ubulk" 424
"../../../Engine/Plugins/Animation/ControlRig/Content/Controls/ControlRig_QuarterCircle_1mm.uasset" 425
"../../../Engine/Plugins/Animation/ControlRig/Content/Controls/ControlRig_QuarterCircle_1mm.uexp" 426
"../../../Engine/Plugins/Animation/ControlRig/Content/Controls/ControlRig_Pyramid_solid.ubulk" 427
"../../../Engine/Plugins/Animation/ControlRig/Content/Controls/ControlRig_Pyramid_solid.uasset" 428
"../../../Engine/Plugins/Animation/ControlRig/Content/Controls/ControlRig_Pyramid_solid.uexp" 429
"../../../Engine/Plugins/Animation/ControlRig/Content/Controls/ControlRig_Pyramid_3mm.ubulk" 430
"../../../Engine/Plugins/Animation/ControlRig/Content/Controls/ControlRig_Pyramid_3mm.uasset" 431
"../../../Engine/Plugins/Animation/ControlRig/Content/Controls/ControlRig_Pyramid_3mm.uexp" 432
"../../../Engine/Plugins/Animation/ControlRig/Content/Controls/ControlRig_Pyramid_1mm.ubulk" 433
"../../../Engine/Plugins/Animation/ControlRig/Content/Controls/ControlRig_Pyramid_1mm.uasset" 434
"../../../Engine/Plugins/Animation/ControlRig/Content/Controls/ControlRig_Pyramid_1mm.uexp" 435
"../../../Engine/Plugins/Animation/ControlRig/Content/Controls/ControlRig_Octagon_solid.ubulk" 436
"../../../Engine/Plugins/Animation/ControlRig/Content/Controls/ControlRig_Octagon_solid.uasset" 437
"../../../Engine/Plugins/Animation/ControlRig/Content/Controls/ControlRig_Octagon_solid.uexp" 438
"../../../Engine/Plugins/Animation/ControlRig/Content/Controls/ControlRig_Octagon_3mm.ubulk" 439
"../../../Engine/Plugins/Animation/ControlRig/Content/Controls/ControlRig_Octagon_3mm.uasset" 440
"../../../Engine/Plugins/Animation/ControlRig/Content/Controls/ControlRig_Octagon_3mm.uexp" 441
"../../../Engine/Plugins/Animation/ControlRig/Content/Controls/ControlRig_Octagon_1mm.ubulk" 442
"../../../Engine/Plugins/Animation/ControlRig/Content/Controls/ControlRig_Octagon_1mm.uasset" 443
"../../../Engine/Plugins/Animation/ControlRig/Content/Controls/ControlRig_Octagon_1mm.uexp" 444
"../../../Engine/Plugins/Animation/ControlRig/Content/Controls/ControlRig_Hexagon_solid.ubulk" 445
"../../../Engine/Plugins/Animation/ControlRig/Content/Controls/ControlRig_Hexagon_solid.uasset" 446
"../../../Engine/Plugins/Animation/ControlRig/Content/Controls/ControlRig_Hexagon_solid.uexp" 447
"../../../Engine/Plugins/Animation/ControlRig/Content/Controls/ControlRig_Hexagon_3mm.ubulk" 448
"../../../Engine/Plugins/Animation/ControlRig/Content/Controls/ControlRig_Hexagon_3mm.uasset" 449
"../../../Engine/Plugins/Animation/ControlRig/Content/Controls/ControlRig_Hexagon_3mm.uexp" 450
"../../../Engine/Plugins/Animation/ControlRig/Content/Controls/ControlRig_Hexagon_1mm.ubulk" 451
"../../../Engine/Plugins/Animation/ControlRig/Content/Controls/ControlRig_Hexagon_1mm.uasset" 452
"../../../Engine/Plugins/Animation/ControlRig/Content/Controls/ControlRig_Hexagon_1mm.uexp" 453
"../../../Engine/Plugins/Animation/ControlRig/Content/Controls/ControlRig_HalfCircle_solid.ubulk" 454
"../../../Engine/Plugins/Animation/ControlRig/Content/Controls/ControlRig_HalfCircle_solid.uasset" 455
"../../../Engine/Plugins/Animation/ControlRig/Content/Controls/ControlRig_HalfCircle_solid.uexp" 456
"../../../Engine/Plugins/Animation/ControlRig/Content/Controls/ControlRig_HalfCircle_3mm.ubulk" 457
"../../../Engine/Plugins/Animation/ControlRig/Content/Controls/ControlRig_HalfCircle_3mm.uasset" 458
"../../../Engine/Plugins/Animation/ControlRig/Content/Controls/ControlRig_HalfCircle_3mm.uexp" 459
"../../../Engine/Plugins/Animation/ControlRig/Content/Controls/ControlRig_HalfCircle_1mm.ubulk" 460
"../../../Engine/Plugins/Animation/ControlRig/Content/Controls/ControlRig_HalfCircle_1mm.uasset" 461
"../../../Engine/Plugins/Animation/ControlRig/Content/Controls/ControlRig_HalfCircle_1mm.uexp" 462
"../../../Engine/Plugins/Animation/ControlRig/Content/Controls/ControlRig_Diamond_solid.ubulk" 463
"../../../Engine/Plugins/Animation/ControlRig/Content/Controls/ControlRig_Diamond_solid.uasset" 464
"../../../Engine/Plugins/Animation/ControlRig/Content/Controls/ControlRig_Diamond_solid.uexp" 465
"../../../Engine/Plugins/Animation/ControlRig/Content/Controls/ControlRig_Diamond_3mm.ubulk" 466
"../../../Engine/Plugins/Animation/ControlRig/Content/Controls/ControlRig_Diamond_3mm.uasset" 467
"../../../Engine/Plugins/Animation/ControlRig/Content/Controls/ControlRig_Diamond_3mm.uexp" 468
"../../../Engine/Plugins/Animation/ControlRig/Content/Controls/ControlRig_Diamond_1mm.ubulk" 469
"../../../Engine/Plugins/Animation/ControlRig/Content/Controls/ControlRig_Diamond_1mm.uasset" 470
"../../../Engine/Plugins/Animation/ControlRig/Content/Controls/ControlRig_Diamond_1mm.uexp" 471
"../../../Engine/Plugins/Animation/ControlRig/Content/Controls/ControlRig_Circle_solid.ubulk" 472
"../../../Engine/Plugins/Animation/ControlRig/Content/Controls/ControlRig_Circle_solid.uasset" 473
"../../../Engine/Plugins/Animation/ControlRig/Content/Controls/ControlRig_Circle_solid.uexp" 474
"../../../Engine/Plugins/Animation/ControlRig/Content/Controls/ControlRig_Circle_3mm.ubulk" 475
"../../../Engine/Plugins/Animation/ControlRig/Content/Controls/ControlRig_Circle_3mm.uasset" 476
"../../../Engine/Plugins/Animation/ControlRig/Content/Controls/ControlRig_Circle_3mm.uexp" 477
"../../../Engine/Plugins/Animation/ControlRig/Content/Controls/ControlRig_Circle_1mm.ubulk" 478
"../../../Engine/Plugins/Animation/ControlRig/Content/Controls/ControlRig_Circle_1mm.uasset" 479
"../../../Engine/Plugins/Animation/ControlRig/Content/Controls/ControlRig_Circle_1mm.uexp" 480
"../../../Engine/Plugins/Animation/ControlRig/Content/Controls/ControlRig_Box_solid.ubulk" 481
"../../../Engine/Plugins/Animation/ControlRig/Content/Controls/ControlRig_Box_solid.uasset" 482
"../../../Engine/Plugins/Animation/ControlRig/Content/Controls/ControlRig_Box_solid.uexp" 483
"../../../Engine/Plugins/Animation/ControlRig/Content/Controls/ControlRig_Box_3mm.ubulk" 484
"../../../Engine/Plugins/Animation/ControlRig/Content/Controls/ControlRig_Box_3mm.uasset" 485
"../../../Engine/Plugins/Animation/ControlRig/Content/Controls/ControlRig_Box_3mm.uexp" 486
"../../../Engine/Plugins/Animation/ControlRig/Content/Controls/ControlRig_Box_1mm.ubulk" 487
"../../../Engine/Plugins/Animation/ControlRig/Content/Controls/ControlRig_Box_1mm.uasset" 488
"../../../Engine/Plugins/Animation/ControlRig/Content/Controls/ControlRig_Box_1mm.uexp" 489
"../../../Engine/Plugins/Animation/ControlRig/Content/Controls/ControlRig_Arrow_solid.ubulk" 490
"../../../Engine/Plugins/Animation/ControlRig/Content/Controls/ControlRig_Arrow_solid.uasset" 491
"../../../Engine/Plugins/Animation/ControlRig/Content/Controls/ControlRig_Arrow_solid.uexp" 492
"../../../Engine/Plugins/Animation/ControlRig/Content/Controls/ControlRig_Arrow_3mm.ubulk" 493
"../../../Engine/Plugins/Animation/ControlRig/Content/Controls/ControlRig_Arrow_3mm.uasset" 494
"../../../Engine/Plugins/Animation/ControlRig/Content/Controls/ControlRig_Arrow_3mm.uexp" 495
"../../../Engine/Plugins/Animation/ControlRig/Content/Controls/ControlRig_Arrow_1mm.ubulk" 496
"../../../Engine/Plugins/Animation/ControlRig/Content/Controls/ControlRig_Arrow_1mm.uasset" 497
"../../../Engine/Plugins/Animation/ControlRig/Content/Controls/ControlRig_Arrow_1mm.uexp" 498
"../../../Engine/Plugins/Animation/ControlRig/Content/Controls/ControlRig_Arrow4_solid.ubulk" 499
"../../../Engine/Plugins/Animation/ControlRig/Content/Controls/ControlRig_Arrow4_solid.uasset" 500
"../../../Engine/Plugins/Animation/ControlRig/Content/Controls/ControlRig_Arrow4_solid.uexp" 501
"../../../Engine/Plugins/Animation/ControlRig/Content/Controls/ControlRig_Arrow4_3mm.ubulk" 502
"../../../Engine/Plugins/Animation/ControlRig/Content/Controls/ControlRig_Arrow4_3mm.uasset" 503
"../../../Engine/Plugins/Animation/ControlRig/Content/Controls/ControlRig_Arrow4_3mm.uexp" 504
"../../../Engine/Plugins/Animation/ControlRig/Content/Controls/ControlRig_Arrow4_1mm.ubulk" 505
"../../../Engine/Plugins/Animation/ControlRig/Content/Controls/ControlRig_Arrow4_1mm.uasset" 506
"../../../Engine/Plugins/Animation/ControlRig/Content/Controls/ControlRig_Arrow4_1mm.uexp" 507
"../../../Engine/Plugins/Animation/ControlRig/Content/Controls/ControlRig_Arrow2_solid.ubulk" 508
"../../../Engine/Plugins/Animation/ControlRig/Content/Controls/ControlRig_Arrow2_solid.uasset" 509
"../../../Engine/Plugins/Animation/ControlRig/Content/Controls/ControlRig_Arrow2_solid.uexp" 510
"../../../Engine/Plugins/Animation/ControlRig/Content/Controls/ControlRig_Arrow2_3mm.ubulk" 511
"../../../Engine/Plugins/Animation/ControlRig/Content/Controls/ControlRig_Arrow2_3mm.uasset" 512
"../../../Engine/Plugins/Animation/ControlRig/Content/Controls/ControlRig_Arrow2_3mm.uexp" 513
"../../../Engine/Plugins/Animation/ControlRig/Content/Controls/ControlRig_Arrow2_1mm.ubulk" 514
"../../../Engine/Plugins/Animation/ControlRig/Content/Controls/ControlRig_Arrow2_1mm.uasset" 515
"../../../Engine/Plugins/Animation/ControlRig/Content/Controls/ControlRig_Arrow2_1mm.uexp" 516
"../../../Engine/Plugins/Animation/ControlRig/Content/Controls/ControlRigGizmoMaterial.uasset" 517
"../../../Engine/Plugins/Animation/ControlRig/Content/Controls/ControlRigGizmoMaterial.uexp" 518
"../../../Engine/Plugins/Editor/SpeedTreeImporter/Content/SpeedTree9/game_wind_noise.ubulk" 519
"../../../Engine/Plugins/Editor/SpeedTreeImporter/Content/SpeedTree9/game_wind_noise.uasset" 520
"../../../Engine/Plugins/Editor/SpeedTreeImporter/Content/SpeedTree9/game_wind_noise.uexp" 521
"../../../Engine/Plugins/Editor/SpeedTreeImporter/Content/SpeedTree9/UnpackDirection.uasset" 522
"../../../Engine/Plugins/Editor/SpeedTreeImporter/Content/SpeedTree9/UnpackDirection.uexp" 523
"../../../Engine/Content/Functions/Engine_MaterialFunctions02/ObjectLocalBounds.uasset" 524
"../../../Engine/Content/Functions/Engine_MaterialFunctions02/ObjectLocalBounds.uexp" 525
"../../../Engine/Content/Functions/Engine_MaterialFunctions02/UVs/BoundingBoxBased_0-1_UVW.uasset" 526
"../../../Engine/Content/Functions/Engine_MaterialFunctions02/UVs/BoundingBoxBased_0-1_UVW.uexp" 527
"../../../Engine/Content/Functions/Engine_MaterialFunctions02/Utility/VectorLength.uasset" 528
"../../../Engine/Content/Functions/Engine_MaterialFunctions02/Utility/VectorLength.uexp" 529
"../../../Engine/Plugins/Editor/SpeedTreeImporter/Content/SpeedTree9/UnpackInteger3.uasset" 530
"../../../Engine/Plugins/Editor/SpeedTreeImporter/Content/SpeedTree9/UnpackInteger3.uexp" 531
"../../../Engine/Plugins/Editor/SpeedTreeImporter/Content/SpeedTree9/SpeedTreeCameraFacing.uasset" 532
"../../../Engine/Plugins/Editor/SpeedTreeImporter/Content/SpeedTree9/SpeedTreeCameraFacing.uexp" 533
"../../../Engine/Content/Functions/Engine_MaterialFunctions02/WorldPositionOffset/ObjectScale.uasset" 534
"../../../Engine/Content/Functions/Engine_MaterialFunctions02/WorldPositionOffset/ObjectScale.uexp" 535
"../../../Engine/Content/Functions/Engine_MaterialFunctions02/SafeNormalize.uasset" 536
"../../../Engine/Content/Functions/Engine_MaterialFunctions02/SafeNormalize.uexp" 537
"../../../Engine/Plugins/Editor/SpeedTreeImporter/Content/SpeedTree9/SpeedTreeWindMotion.uasset" 538
"../../../Engine/Plugins/Editor/SpeedTreeImporter/Content/SpeedTree9/SpeedTreeWindMotion.uexp" 539
"../../../Engine/Plugins/Editor/SpeedTreeImporter/Content/SpeedTree9/SpeedTreeBranchMotion.uasset" 540
"../../../Engine/Plugins/Editor/SpeedTreeImporter/Content/SpeedTree9/SpeedTreeBranchMotion.uexp" 541
"../../../Engine/Plugins/Editor/SpeedTreeImporter/Content/SpeedTree9/SpeedTreeWind.uasset" 542
"../../../Engine/Plugins/Editor/SpeedTreeImporter/Content/SpeedTree9/SpeedTreeWind.uexp" 543
"../../../Engine/Plugins/Editor/SpeedTreeImporter/Content/SpeedTree9/EmptyNormal.uasset" 544
"../../../Engine/Plugins/Editor/SpeedTreeImporter/Content/SpeedTree9/EmptyNormal.uexp" 545
"../../../Engine/Plugins/Editor/SpeedTreeImporter/Content/SpeedTree9/Empty.uasset" 546
"../../../Engine/Plugins/Editor/SpeedTreeImporter/Content/SpeedTree9/Empty.uexp" 547
"../../../Engine/Plugins/Editor/SpeedTreeImporter/Content/SpeedTree9/SpeedTreeMaster.uasset" 548
"../../../Engine/Plugins/Editor/SpeedTreeImporter/Content/SpeedTree9/SpeedTreeMaster.uexp" 549
"../../../Engine/Plugins/Editor/SpeedTreeImporter/Content/SpeedTree9/SpeedTreeBillboard.uasset" 550
"../../../Engine/Plugins/Editor/SpeedTreeImporter/Content/SpeedTree9/SpeedTreeBillboard.uexp" 551
"../../../Engine/Plugins/Editor/SpeedTreeImporter/Content/SpeedTree9/SpeedTreeBillboardMaster.uasset" 552
"../../../Engine/Plugins/Editor/SpeedTreeImporter/Content/SpeedTree9/SpeedTreeBillboardMaster.uexp" 553
"../../../Engine/Content/Maps/Entry_BuiltData.uasset" 554
"../../../Engine/Content/Maps/Entry_BuiltData.uexp" 555
"../../../Engine/Content/Maps/Entry.uexp" 556
"../../../Engine/Content/Maps/Entry.umap" 557
"F:/MarbleCollectionGame/CollectionGame/Content/Png/Background.uasset" 558
"F:/MarbleCollectionGame/CollectionGame/Content/Png/Background.uexp" 559
"F:/MarbleCollectionGame/CollectionGame/Content/UI/MainMenu/WBP_MainMenu.uasset" 560
"F:/MarbleCollectionGame/CollectionGame/Content/UI/MainMenu/WBP_MainMenu.uexp" 561
"F:/MarbleCollectionGame/CollectionGame/Content/Maps/MainMenuLevel.uexp" 562
"F:/MarbleCollectionGame/CollectionGame/Content/Maps/MainMenuLevel.umap" 563
"F:/MarbleCollectionGame/CollectionGame/Content/Blueprints/Renders/BP_GithubInfoRender.uasset" 564
"F:/MarbleCollectionGame/CollectionGame/Content/Blueprints/Renders/BP_GithubInfoRender.uexp" 565
"F:/MarbleCollectionGame/CollectionGame/Content/Blueprints/Actors/Triggers/BP_DamageVolume.uasset" 566
"F:/MarbleCollectionGame/CollectionGame/Content/Blueprints/Actors/Triggers/BP_DamageVolume.uexp" 567
"F:/MarbleCollectionGame/CollectionGame/Content/StarterContent/Textures/T_Rock_Basalt_D.ubulk" 568
"F:/MarbleCollectionGame/CollectionGame/Content/StarterContent/Textures/T_Rock_Basalt_D.uasset" 569
"F:/MarbleCollectionGame/CollectionGame/Content/StarterContent/Textures/T_Rock_Basalt_D.uexp" 570
"F:/MarbleCollectionGame/CollectionGame/Content/StarterContent/Textures/T_Perlin_Noise_M.ubulk" 571
"F:/MarbleCollectionGame/CollectionGame/Content/StarterContent/Textures/T_Perlin_Noise_M.uasset" 572
"F:/MarbleCollectionGame/CollectionGame/Content/StarterContent/Textures/T_Perlin_Noise_M.uexp" 573
"F:/MarbleCollectionGame/CollectionGame/Content/StarterContent/Textures/T_Rock_Basalt_N.ubulk" 574
"F:/MarbleCollectionGame/CollectionGame/Content/StarterContent/Textures/T_Rock_Basalt_N.uasset" 575
"F:/MarbleCollectionGame/CollectionGame/Content/StarterContent/Textures/T_Rock_Basalt_N.uexp" 576
"F:/MarbleCollectionGame/CollectionGame/Content/StarterContent/Textures/T_MacroVariation.uasset" 577
"F:/MarbleCollectionGame/CollectionGame/Content/StarterContent/Textures/T_MacroVariation.uexp" 578
"F:/MarbleCollectionGame/CollectionGame/Content/StarterContent/Materials/M_Rock_Basalt.uasset" 579
"F:/MarbleCollectionGame/CollectionGame/Content/StarterContent/Materials/M_Rock_Basalt.uexp" 580
"F:/MarbleCollectionGame/CollectionGame/Content/Materials/M_Crystal.uasset" 581
"F:/MarbleCollectionGame/CollectionGame/Content/Materials/M_Crystal.uexp" 582
"F:/MarbleCollectionGame/CollectionGame/Content/Blueprints/Libraries/MacroLibrary.uasset" 583
"F:/MarbleCollectionGame/CollectionGame/Content/Blueprints/Libraries/MacroLibrary.uexp" 584
"F:/MarbleCollectionGame/CollectionGame/Content/StarterContent/Materials/M_Basic_Wall.uasset" 585
"F:/MarbleCollectionGame/CollectionGame/Content/StarterContent/Materials/M_Basic_Wall.uexp" 586
"F:/MarbleCollectionGame/CollectionGame/Content/StarterContent/Shapes/Shape_QuadPyramid.ubulk" 587
"F:/MarbleCollectionGame/CollectionGame/Content/StarterContent/Shapes/Shape_QuadPyramid.uasset" 588
"F:/MarbleCollectionGame/CollectionGame/Content/StarterContent/Shapes/Shape_QuadPyramid.uexp" 589
"F:/MarbleCollectionGame/CollectionGame/Content/Blueprints/Actors/Collectibles/BP_Crystal.uasset" 590
"F:/MarbleCollectionGame/CollectionGame/Content/Blueprints/Actors/Collectibles/BP_Crystal.uexp" 591
"F:/MarbleCollectionGame/CollectionGame/Content/Blueprints/Actors/Triggers/BP_WinVolume.uasset" 592
"F:/MarbleCollectionGame/CollectionGame/Content/Blueprints/Actors/Triggers/BP_WinVolume.uexp" 593
"F:/MarbleCollectionGame/CollectionGame/Content/Blueprints/Renders/BP_ThanksForPlayingText.uasset" 594
"F:/MarbleCollectionGame/CollectionGame/Content/Blueprints/Renders/BP_ThanksForPlayingText.uexp" 595
"F:/MarbleCollectionGame/CollectionGame/Content/StarterContent/Textures/T_Concrete_Tiles_Variation_M.ubulk" 596
"F:/MarbleCollectionGame/CollectionGame/Content/StarterContent/Textures/T_Concrete_Tiles_Variation_M.uasset" 597
"F:/MarbleCollectionGame/CollectionGame/Content/StarterContent/Textures/T_Concrete_Tiles_Variation_M.uexp" 598
"F:/MarbleCollectionGame/CollectionGame/Content/StarterContent/Textures/T_Concrete_Tiles_D.ubulk" 599
"F:/MarbleCollectionGame/CollectionGame/Content/StarterContent/Textures/T_Concrete_Tiles_D.uasset" 600
"F:/MarbleCollectionGame/CollectionGame/Content/StarterContent/Textures/T_Concrete_Tiles_D.uexp" 601
"F:/MarbleCollectionGame/CollectionGame/Content/StarterContent/Textures/T_Concrete_Tiles_M.ubulk" 602
"F:/MarbleCollectionGame/CollectionGame/Content/StarterContent/Textures/T_Concrete_Tiles_M.uasset" 603
"F:/MarbleCollectionGame/CollectionGame/Content/StarterContent/Textures/T_Concrete_Tiles_M.uexp" 604
"F:/MarbleCollectionGame/CollectionGame/Content/StarterContent/Textures/T_Concrete_Tiles_N.ubulk" 605
"F:/MarbleCollectionGame/CollectionGame/Content/StarterContent/Textures/T_Concrete_Tiles_N.uasset" 606
"F:/MarbleCollectionGame/CollectionGame/Content/StarterContent/Textures/T_Concrete_Tiles_N.uexp" 607
"F:/MarbleCollectionGame/CollectionGame/Content/StarterContent/Materials/M_Concrete_Tiles.uasset" 608
"F:/MarbleCollectionGame/CollectionGame/Content/StarterContent/Materials/M_Concrete_Tiles.uexp" 609
"../../../Engine/Content/MapTemplates/Sky/DaylightAmbientCubemap.uasset" 610
"../../../Engine/Content/MapTemplates/Sky/DaylightAmbientCubemap.uexp" 611
"F:/MarbleCollectionGame/CollectionGame/Content/Blueprints/Renders/BP_ThanksForPlayingText2.uasset" 612
"F:/MarbleCollectionGame/CollectionGame/Content/Blueprints/Renders/BP_ThanksForPlayingText2.uexp" 613
"F:/MarbleCollectionGame/CollectionGame/Content/StarterContent/Textures/T_Metal_Gold_N.ubulk" 614
"F:/MarbleCollectionGame/CollectionGame/Content/StarterContent/Textures/T_Metal_Gold_N.uasset" 615
"F:/MarbleCollectionGame/CollectionGame/Content/StarterContent/Textures/T_Metal_Gold_N.uexp" 616
"F:/MarbleCollectionGame/CollectionGame/Content/StarterContent/Textures/T_Metal_Copper_D.ubulk" 617
"F:/MarbleCollectionGame/CollectionGame/Content/StarterContent/Textures/T_Metal_Copper_D.uasset" 618
"F:/MarbleCollectionGame/CollectionGame/Content/StarterContent/Textures/T_Metal_Copper_D.uexp" 619
"F:/MarbleCollectionGame/CollectionGame/Content/StarterContent/Materials/M_Metal_Copper.uasset" 620
"F:/MarbleCollectionGame/CollectionGame/Content/StarterContent/Materials/M_Metal_Copper.uexp" 621
"F:/MarbleCollectionGame/CollectionGame/Content/StarterContent/Props/MaterialSphere.ubulk" 622
"F:/MarbleCollectionGame/CollectionGame/Content/StarterContent/Props/MaterialSphere.uasset" 623
"F:/MarbleCollectionGame/CollectionGame/Content/StarterContent/Props/MaterialSphere.uexp" 624
"F:/MarbleCollectionGame/CollectionGame/Content/UI/PauseMenu/WBP_PauseMenu.uasset" 625
"F:/MarbleCollectionGame/CollectionGame/Content/UI/PauseMenu/WBP_PauseMenu.uexp" 626
"F:/MarbleCollectionGame/CollectionGame/Content/StarterContent/Textures/T_Wood_Walnut_N.ubulk" 627
"F:/MarbleCollectionGame/CollectionGame/Content/StarterContent/Textures/T_Wood_Walnut_N.uasset" 628
"F:/MarbleCollectionGame/CollectionGame/Content/StarterContent/Textures/T_Wood_Walnut_N.uexp" 629
"F:/MarbleCollectionGame/CollectionGame/Content/StarterContent/Textures/T_Wood_Walnut_D.ubulk" 630
"F:/MarbleCollectionGame/CollectionGame/Content/StarterContent/Textures/T_Wood_Walnut_D.uasset" 631
"F:/MarbleCollectionGame/CollectionGame/Content/StarterContent/Textures/T_Wood_Walnut_D.uexp" 632
"F:/MarbleCollectionGame/CollectionGame/Content/StarterContent/Materials/M_Wood_Walnut.uasset" 633
"F:/MarbleCollectionGame/CollectionGame/Content/StarterContent/Materials/M_Wood_Walnut.uexp" 634
"F:/MarbleCollectionGame/CollectionGame/Content/Png/crystal.uasset" 635
"F:/MarbleCollectionGame/CollectionGame/Content/Png/crystal.uexp" 636
"F:/MarbleCollectionGame/CollectionGame/Content/UI/HUD/WBP_HUD.uasset" 637
"F:/MarbleCollectionGame/CollectionGame/Content/UI/HUD/WBP_HUD.uexp" 638
"../../../Engine/Content/EditorBlueprintResources/StandardMacros.uasset" 639
"../../../Engine/Content/EditorBlueprintResources/StandardMacros.uexp" 640
"F:/MarbleCollectionGame/CollectionGame/Content/Blueprints/Pawns/BP_PlayerPawn.uasset" 641
"F:/MarbleCollectionGame/CollectionGame/Content/Blueprints/Pawns/BP_PlayerPawn.uexp" 642
"F:/MarbleCollectionGame/CollectionGame/Content/Blueprints/GameModes/BP_GameMode.uasset" 643
"F:/MarbleCollectionGame/CollectionGame/Content/Blueprints/GameModes/BP_GameMode.uexp" 644
"F:/MarbleCollectionGame/CollectionGame/Content/Maps/LevelEnd.uexp" 645
"F:/MarbleCollectionGame/CollectionGame/Content/Maps/LevelEnd.umap" 646
"F:/MarbleCollectionGame/CollectionGame/Content/StarterContent/Textures/T_Metal_Aluminum_D.ubulk" 647
"F:/MarbleCollectionGame/CollectionGame/Content/StarterContent/Textures/T_Metal_Aluminum_D.uasset" 648
"F:/MarbleCollectionGame/CollectionGame/Content/StarterContent/Textures/T_Metal_Aluminum_D.uexp" 649
"F:/MarbleCollectionGame/CollectionGame/Content/StarterContent/Materials/M_Metal_Burnished_Steel.uasset" 650
"F:/MarbleCollectionGame/CollectionGame/Content/StarterContent/Materials/M_Metal_Burnished_Steel.uexp" 651
"F:/MarbleCollectionGame/CollectionGame/Content/Meshes/Cannon/Cannon.ubulk" 652
"F:/MarbleCollectionGame/CollectionGame/Content/Meshes/Cannon/Cannon.uasset" 653
"F:/MarbleCollectionGame/CollectionGame/Content/Meshes/Cannon/Cannon.uexp" 654
"F:/MarbleCollectionGame/CollectionGame/Content/Materials/M_CrystalRed.uasset" 655
"F:/MarbleCollectionGame/CollectionGame/Content/Materials/M_CrystalRed.uexp" 656
"../../../Engine/Content/BasicShapes/Sphere.ubulk" 657
"../../../Engine/Content/BasicShapes/Sphere.uasset" 658
"../../../Engine/Content/BasicShapes/Sphere.uexp" 659
"F:/MarbleCollectionGame/CollectionGame/Content/StarterContent/Textures/T_Metal_Steel_D.ubulk" 660
"F:/MarbleCollectionGame/CollectionGame/Content/StarterContent/Textures/T_Metal_Steel_D.uasset" 661
"F:/MarbleCollectionGame/CollectionGame/Content/StarterContent/Textures/T_Metal_Steel_D.uexp" 662
"F:/MarbleCollectionGame/CollectionGame/Content/StarterContent/Textures/T_Metal_Steel_N.ubulk" 663
"F:/MarbleCollectionGame/CollectionGame/Content/StarterContent/Textures/T_Metal_Steel_N.uasset" 664
"F:/MarbleCollectionGame/CollectionGame/Content/StarterContent/Textures/T_Metal_Steel_N.uexp" 665
"F:/MarbleCollectionGame/CollectionGame/Content/StarterContent/Materials/M_Metal_Steel.uasset" 666
"F:/MarbleCollectionGame/CollectionGame/Content/StarterContent/Materials/M_Metal_Steel.uexp" 667
"F:/MarbleCollectionGame/CollectionGame/Content/Meshes/Cannon/Cannon_Base.ubulk" 668
"F:/MarbleCollectionGame/CollectionGame/Content/Meshes/Cannon/Cannon_Base.uasset" 669
"F:/MarbleCollectionGame/CollectionGame/Content/Meshes/Cannon/Cannon_Base.uexp" 670
"F:/MarbleCollectionGame/CollectionGame/Content/StarterContent/Textures/T_Fire_Tiled_D.ubulk" 671
"F:/MarbleCollectionGame/CollectionGame/Content/StarterContent/Textures/T_Fire_Tiled_D.uasset" 672
"F:/MarbleCollectionGame/CollectionGame/Content/StarterContent/Textures/T_Fire_Tiled_D.uexp" 673
"F:/MarbleCollectionGame/CollectionGame/Content/StarterContent/Textures/T_Fire_SubUV.ubulk" 674
"F:/MarbleCollectionGame/CollectionGame/Content/StarterContent/Textures/T_Fire_SubUV.uasset" 675
"F:/MarbleCollectionGame/CollectionGame/Content/StarterContent/Textures/T_Fire_SubUV.uexp" 676
"F:/MarbleCollectionGame/CollectionGame/Content/StarterContent/Particles/Materials/M_Fire_SubUV.uasset" 677
"F:/MarbleCollectionGame/CollectionGame/Content/StarterContent/Particles/Materials/M_Fire_SubUV.uexp" 678
"F:/MarbleCollectionGame/CollectionGame/Content/StarterContent/Textures/T_Smoke_SubUV.ubulk" 679
"F:/MarbleCollectionGame/CollectionGame/Content/StarterContent/Textures/T_Smoke_SubUV.uasset" 680
"F:/MarbleCollectionGame/CollectionGame/Content/StarterContent/Textures/T_Smoke_SubUV.uexp" 681
"F:/MarbleCollectionGame/CollectionGame/Content/StarterContent/Textures/T_Smoke_Tiled_D.ubulk" 682
"F:/MarbleCollectionGame/CollectionGame/Content/StarterContent/Textures/T_Smoke_Tiled_D.uasset" 683
"F:/MarbleCollectionGame/CollectionGame/Content/StarterContent/Textures/T_Smoke_Tiled_D.uexp" 684
"F:/MarbleCollectionGame/CollectionGame/Content/StarterContent/Particles/Materials/M_smoke_subUV.uasset" 685
"F:/MarbleCollectionGame/CollectionGame/Content/StarterContent/Particles/Materials/M_smoke_subUV.uexp" 686
"F:/MarbleCollectionGame/CollectionGame/Content/StarterContent/Textures/T_Water_N.ubulk" 687
"F:/MarbleCollectionGame/CollectionGame/Content/StarterContent/Textures/T_Water_N.uasset" 688
"F:/MarbleCollectionGame/CollectionGame/Content/StarterContent/Textures/T_Water_N.uexp" 689
"F:/MarbleCollectionGame/CollectionGame/Content/StarterContent/Particles/Materials/M_Heat_Distortion.uasset" 690
"F:/MarbleCollectionGame/CollectionGame/Content/StarterContent/Particles/Materials/M_Heat_Distortion.uexp" 691
"../../../Engine/Content/Functions/Engine_MaterialFunctions01/Gradient/RadialGradient.uasset" 692
"../../../Engine/Content/Functions/Engine_MaterialFunctions01/Gradient/RadialGradient.uexp" 693
"F:/MarbleCollectionGame/CollectionGame/Content/StarterContent/Particles/Materials/M_Radial_Gradient.uasset" 694
"F:/MarbleCollectionGame/CollectionGame/Content/StarterContent/Particles/Materials/M_Radial_Gradient.uexp" 695
"F:/MarbleCollectionGame/CollectionGame/Content/StarterContent/Particles/P_Fire.uasset" 696
"F:/MarbleCollectionGame/CollectionGame/Content/StarterContent/Particles/P_Fire.uexp" 697
"F:/MarbleCollectionGame/CollectionGame/Content/Blueprints/Actors/Projectiles/BP_ProjectileOnFire.uasset" 698
"F:/MarbleCollectionGame/CollectionGame/Content/Blueprints/Actors/Projectiles/BP_ProjectileOnFire.uexp" 699
"F:/MarbleCollectionGame/CollectionGame/Content/StarterContent/Textures/T_Metal_Gold_D.ubulk" 700
"F:/MarbleCollectionGame/CollectionGame/Content/StarterContent/Textures/T_Metal_Gold_D.uasset" 701
"F:/MarbleCollectionGame/CollectionGame/Content/StarterContent/Textures/T_Metal_Gold_D.uexp" 702
"F:/MarbleCollectionGame/CollectionGame/Content/StarterContent/Materials/M_Metal_Gold.uasset" 703
"F:/MarbleCollectionGame/CollectionGame/Content/StarterContent/Materials/M_Metal_Gold.uexp" 704
"F:/MarbleCollectionGame/CollectionGame/Content/Blueprints/Actors/Obsticles/Cannon/BP_BigCannon.uasset" 705
"F:/MarbleCollectionGame/CollectionGame/Content/Blueprints/Actors/Obsticles/Cannon/BP_BigCannon.uexp" 706
"../../../Engine/Content/Functions/Engine_MaterialFunctions01/Opacity/AlphaOffset.uasset" 707
"../../../Engine/Content/Functions/Engine_MaterialFunctions01/Opacity/AlphaOffset.uexp" 708
"F:/MarbleCollectionGame/CollectionGame/Content/StarterContent/Textures/T_Wood_Floor_Walnut_M.ubulk" 709
"F:/MarbleCollectionGame/CollectionGame/Content/StarterContent/Textures/T_Wood_Floor_Walnut_M.uasset" 710
"F:/MarbleCollectionGame/CollectionGame/Content/StarterContent/Textures/T_Wood_Floor_Walnut_M.uexp" 711
"F:/MarbleCollectionGame/CollectionGame/Content/StarterContent/Textures/T_Wood_Floor_Walnut_D.ubulk" 712
"F:/MarbleCollectionGame/CollectionGame/Content/StarterContent/Textures/T_Wood_Floor_Walnut_D.uasset" 713
"F:/MarbleCollectionGame/CollectionGame/Content/StarterContent/Textures/T_Wood_Floor_Walnut_D.uexp" 714
"F:/MarbleCollectionGame/CollectionGame/Content/StarterContent/Textures/T_Wood_Floor_Walnut_N.ubulk" 715
"F:/MarbleCollectionGame/CollectionGame/Content/StarterContent/Textures/T_Wood_Floor_Walnut_N.uasset" 716
"F:/MarbleCollectionGame/CollectionGame/Content/StarterContent/Textures/T_Wood_Floor_Walnut_N.uexp" 717
"F:/MarbleCollectionGame/CollectionGame/Content/StarterContent/Materials/M_Wood_Floor_Walnut_Worn.uasset" 718
"F:/MarbleCollectionGame/CollectionGame/Content/StarterContent/Materials/M_Wood_Floor_Walnut_Worn.uexp" 719
"../../../Engine/Content/BasicShapes/Cube.ubulk" 720
"../../../Engine/Content/BasicShapes/Cube.uasset" 721
"../../../Engine/Content/BasicShapes/Cube.uexp" 722
"F:/MarbleCollectionGame/CollectionGame/Content/Blueprints/Actors/Obsticles/Platforms/BP_RotatingPlatformSide.uasset" 723
"F:/MarbleCollectionGame/CollectionGame/Content/Blueprints/Actors/Obsticles/Platforms/BP_RotatingPlatformSide.uexp" 724
"F:/MarbleCollectionGame/CollectionGame/Content/Blueprints/Actors/Collectibles/BP_CrystalTrap.uasset" 725
"F:/MarbleCollectionGame/CollectionGame/Content/Blueprints/Actors/Collectibles/BP_CrystalTrap.uexp" 726
"F:/MarbleCollectionGame/CollectionGame/Content/StarterContent/Textures/T_Wood_Oak_N.ubulk" 727
"F:/MarbleCollectionGame/CollectionGame/Content/StarterContent/Textures/T_Wood_Oak_N.uasset" 728
"F:/MarbleCollectionGame/CollectionGame/Content/StarterContent/Textures/T_Wood_Oak_N.uexp" 729
"F:/MarbleCollectionGame/CollectionGame/Content/StarterContent/Textures/T_Wood_Oak_D.ubulk" 730
"F:/MarbleCollectionGame/CollectionGame/Content/StarterContent/Textures/T_Wood_Oak_D.uasset" 731
"F:/MarbleCollectionGame/CollectionGame/Content/StarterContent/Textures/T_Wood_Oak_D.uexp" 732
"F:/MarbleCollectionGame/CollectionGame/Content/StarterContent/Materials/M_Wood_Oak.uasset" 733
"F:/MarbleCollectionGame/CollectionGame/Content/StarterContent/Materials/M_Wood_Oak.uexp" 734
"../../../Engine/Content/BasicShapes/Cylinder.ubulk" 735
"../../../Engine/Content/BasicShapes/Cylinder.uasset" 736
"../../../Engine/Content/BasicShapes/Cylinder.uexp" 737
"F:/MarbleCollectionGame/CollectionGame/Content/Blueprints/Actors/Obsticles/Platforms/BP_BitYeetus.uasset" 738
"F:/MarbleCollectionGame/CollectionGame/Content/Blueprints/Actors/Obsticles/Platforms/BP_BitYeetus.uexp" 739
"../../../Engine/Content/Functions/Engine_MaterialFunctions02/Utility/BlendAngleCorrectedNormals.uasset" 740
"../../../Engine/Content/Functions/Engine_MaterialFunctions02/Utility/BlendAngleCorrectedNormals.uexp" 741
"F:/MarbleCollectionGame/CollectionGame/Content/StarterContent/Textures/T_Metal_Rust_N.ubulk" 742
"F:/MarbleCollectionGame/CollectionGame/Content/StarterContent/Textures/T_Metal_Rust_N.uasset" 743
"F:/MarbleCollectionGame/CollectionGame/Content/StarterContent/Textures/T_Metal_Rust_N.uexp" 744
"F:/MarbleCollectionGame/CollectionGame/Content/StarterContent/Textures/T_Metal_Rust_D.ubulk" 745
"F:/MarbleCollectionGame/CollectionGame/Content/StarterContent/Textures/T_Metal_Rust_D.uasset" 746
"F:/MarbleCollectionGame/CollectionGame/Content/StarterContent/Textures/T_Metal_Rust_D.uexp" 747
"F:/MarbleCollectionGame/CollectionGame/Content/StarterContent/Materials/M_Metal_Rust.uasset" 748
"F:/MarbleCollectionGame/CollectionGame/Content/StarterContent/Materials/M_Metal_Rust.uexp" 749
"F:/MarbleCollectionGame/CollectionGame/Content/Blueprints/Actors/Projectiles/BP_Projectile.uasset" 750
"F:/MarbleCollectionGame/CollectionGame/Content/Blueprints/Actors/Projectiles/BP_Projectile.uexp" 751
"F:/MarbleCollectionGame/CollectionGame/Content/Blueprints/Actors/Obsticles/Cannon/BP_Cannon.uasset" 752
"F:/MarbleCollectionGame/CollectionGame/Content/Blueprints/Actors/Obsticles/Cannon/BP_Cannon.uexp" 753
"F:/MarbleCollectionGame/CollectionGame/Content/Maps/Level7.uexp" 754
"F:/MarbleCollectionGame/CollectionGame/Content/Maps/Level7.umap" 755
"F:/MarbleCollectionGame/CollectionGame/Content/Blueprints/Actors/Obsticles/Platforms/BP_RotatingPlatform.uasset" 756
"F:/MarbleCollectionGame/CollectionGame/Content/Blueprints/Actors/Obsticles/Platforms/BP_RotatingPlatform.uexp" 757
"F:/MarbleCollectionGame/CollectionGame/Content/Maps/Level6.uexp" 758
"F:/MarbleCollectionGame/CollectionGame/Content/Maps/Level6.umap" 759
"F:/MarbleCollectionGame/CollectionGame/Content/Blueprints/Renders/BP_CrystalTrapInfo.uasset" 760
"F:/MarbleCollectionGame/CollectionGame/Content/Blueprints/Renders/BP_CrystalTrapInfo.uexp" 761
"F:/MarbleCollectionGame/CollectionGame/Content/Maps/Level5.uexp" 762
"F:/MarbleCollectionGame/CollectionGame/Content/Maps/Level5.umap" 763
"F:/MarbleCollectionGame/CollectionGame/Content/Maps/Level4.uexp" 764
"F:/MarbleCollectionGame/CollectionGame/Content/Maps/Level4.umap" 765
"F:/MarbleCollectionGame/CollectionGame/Content/StarterContent/Textures/T_CobbleStone_Pebble_N.ubulk" 766
"F:/MarbleCollectionGame/CollectionGame/Content/StarterContent/Textures/T_CobbleStone_Pebble_N.uasset" 767
"F:/MarbleCollectionGame/CollectionGame/Content/StarterContent/Textures/T_CobbleStone_Pebble_N.uexp" 768
"F:/MarbleCollectionGame/CollectionGame/Content/StarterContent/Textures/T_CobbleStone_Pebble_M.ubulk" 769
"F:/MarbleCollectionGame/CollectionGame/Content/StarterContent/Textures/T_CobbleStone_Pebble_M.uasset" 770
"F:/MarbleCollectionGame/CollectionGame/Content/StarterContent/Textures/T_CobbleStone_Pebble_M.uexp" 771
"F:/MarbleCollectionGame/CollectionGame/Content/StarterContent/Textures/T_CobbleStone_Pebble_D.ubulk" 772
"F:/MarbleCollectionGame/CollectionGame/Content/StarterContent/Textures/T_CobbleStone_Pebble_D.uasset" 773
"F:/MarbleCollectionGame/CollectionGame/Content/StarterContent/Textures/T_CobbleStone_Pebble_D.uexp" 774
"F:/MarbleCollectionGame/CollectionGame/Content/StarterContent/Materials/M_CobbleStone_Pebble.uasset" 775
"F:/MarbleCollectionGame/CollectionGame/Content/StarterContent/Materials/M_CobbleStone_Pebble.uexp" 776
"F:/MarbleCollectionGame/CollectionGame/Content/StarterContent/Textures/T_Detail_Rocky_N.ubulk" 777
"F:/MarbleCollectionGame/CollectionGame/Content/StarterContent/Textures/T_Detail_Rocky_N.uasset" 778
"F:/MarbleCollectionGame/CollectionGame/Content/StarterContent/Textures/T_Detail_Rocky_N.uexp" 779
"F:/MarbleCollectionGame/CollectionGame/Content/StarterContent/Textures/T_RockMesh_N.ubulk" 780
"F:/MarbleCollectionGame/CollectionGame/Content/StarterContent/Textures/T_RockMesh_N.uasset" 781
"F:/MarbleCollectionGame/CollectionGame/Content/StarterContent/Textures/T_RockMesh_N.uexp" 782
"F:/MarbleCollectionGame/CollectionGame/Content/StarterContent/Textures/T_RockMesh_M.ubulk" 783
"F:/MarbleCollectionGame/CollectionGame/Content/StarterContent/Textures/T_RockMesh_M.uasset" 784
"F:/MarbleCollectionGame/CollectionGame/Content/StarterContent/Textures/T_RockMesh_M.uexp" 785
"F:/MarbleCollectionGame/CollectionGame/Content/StarterContent/Props/Materials/M_Rock.uasset" 786
"F:/MarbleCollectionGame/CollectionGame/Content/StarterContent/Props/Materials/M_Rock.uexp" 787
"F:/MarbleCollectionGame/CollectionGame/Content/Maps/Level3.uexp" 788
"F:/MarbleCollectionGame/CollectionGame/Content/Maps/Level3.umap" 789
"F:/MarbleCollectionGame/CollectionGame/Content/Maps/Level2.uexp" 790
"F:/MarbleCollectionGame/CollectionGame/Content/Maps/Level2.umap" 791
"../../../Engine/Content/EngineMaterials/DefaultTextMaterialTranslucent.uasset" 792
"../../../Engine/Content/EngineMaterials/DefaultTextMaterialTranslucent.uexp" 793
"F:/MarbleCollectionGame/CollectionGame/Content/Blueprints/Renders/BP_CollectionInfo1.uasset" 794
"F:/MarbleCollectionGame/CollectionGame/Content/Blueprints/Renders/BP_CollectionInfo1.uexp" 795
"F:/MarbleCollectionGame/CollectionGame/Content/Maps/Level1_BuiltData.ubulk" 796
"F:/MarbleCollectionGame/CollectionGame/Content/Maps/Level1_BuiltData.uasset" 797
"F:/MarbleCollectionGame/CollectionGame/Content/Maps/Level1_BuiltData.uexp" 798
"F:/MarbleCollectionGame/CollectionGame/Content/Maps/Level1.uexp" 799
"F:/MarbleCollectionGame/CollectionGame/Content/Maps/Level1.umap" 800
